\BOOKMARK [1][-]{section.1}{\376\377\000I\000n\000t\000r\000o\000d\000u\000c\000t\000i\000o\000n}{}% 1
\BOOKMARK [1][-]{section.2}{\376\377\000R\000e\000l\000a\000t\000e\000d\000\040\000W\000o\000r\000k}{}% 2
\BOOKMARK [1][-]{section.3}{\376\377\000M\000e\000t\000h\000o\000d\000o\000l\000o\000g\000y\000:\000\040\000C\000o\000n\000t\000r\000a\000s\000t\000i\000v\000e\000\040\000N\000e\000u\000r\000o\000n\000\040\000A\000t\000t\000r\000i\000b\000u\000t\000i\000o\000n\000\040\000\050\000C\000N\000A\000\051}{}% 3
\BOOKMARK [2][-]{subsection.3.1}{\376\377\000F\000o\000r\000m\000a\000l\000\040\000S\000p\000e\000c\000i\000f\000i\000c\000a\000t\000i\000o\000n}{section.3}% 4
\BOOKMARK [2][-]{subsection.3.2}{\376\377\000M\000o\000d\000e\000l\000s\000\040\000T\000e\000s\000t\000e\000d}{section.3}% 5
\BOOKMARK [2][-]{subsection.3.3}{\376\377\000L\000a\000y\000e\000r\000-\000w\000i\000s\000e\000\040\000R\000e\000l\000e\000v\000a\000n\000c\000e\000\040\000P\000r\000o\000p\000a\000g\000a\000t\000i\000o\000n\000\040\000\050\000L\000R\000P\000\051\000\040\000R\000u\000l\000e\000s}{section.3}% 6
\BOOKMARK [3][-]{subsubsection.3.3.1}{\376\377\000T\000h\000e\000\040\000L\000N\000-\000r\000u\000l\000e\000\040\000f\000o\000r\000\040\000R\000M\000S\000N\000o\000r\000m\000\040\000L\000i\000n\000e\000a\000r\000i\000z\000a\000t\000i\000o\000n}{subsection.3.3}% 7
\BOOKMARK [3][-]{subsubsection.3.3.2}{\376\377\000T\000h\000e\000\040\000A\000H\000-\000r\000u\000l\000e\000\040\000f\000o\000r\000\040\000A\000t\000t\000e\000n\000t\000i\000o\000n\000\040\000B\000a\000c\000k\000p\000r\000o\000p\000a\000g\000a\000t\000i\000o\000n}{subsection.3.3}% 8
\BOOKMARK [3][-]{subsubsection.3.3.3}{\376\377\000T\000h\000e\000\040\000H\000a\000l\000f\000-\000r\000u\000l\000e\000\040\000f\000o\000r\000\040\000G\000a\000t\000e\000d\000\040\000M\000L\000P\000s}{subsection.3.3}% 9
\BOOKMARK [2][-]{subsection.3.4}{\376\377\000M\000e\000t\000h\000o\000d\000\040\000C\000o\000r\000r\000e\000c\000t\000i\000o\000n\000:\000\040\000S\000i\000g\000n\000e\000d\000\040\000L\000o\000g\000i\000t\000-\000D\000i\000f\000f\000\040\000A\000t\000t\000r\000i\000b\000u\000t\000i\000o\000n}{section.3}% 10
\BOOKMARK [1][-]{section.4}{\376\377\000E\000x\000p\000e\000r\000i\000m\000e\000n\000t\000\040\0001\000:\000\040\000S\000a\000f\000e\000t\000y\000\040\000R\000e\000f\000u\000s\000a\000l\000\040\000C\000i\000r\000c\000u\000i\000t\000\040\000a\000n\000d\000\040\000S\000c\000a\000l\000i\000n\000g\000\040\000L\000a\000w\000s}{}% 11
\BOOKMARK [2][-]{subsection.4.1}{\376\377\000E\000x\000p\000e\000r\000i\000m\000e\000n\000t\000a\000l\000\040\000S\000e\000t\000u\000p}{section.4}% 12
\BOOKMARK [2][-]{subsection.4.2}{\376\377\000S\000a\000f\000e\000t\000y\000\040\000B\000y\000p\000a\000s\000s\000\040\000S\000c\000a\000l\000i\000n\000g\000\040\000T\000r\000e\000n\000d\000s}{section.4}% 13
\BOOKMARK [3][-]{subsubsection.4.2.1}{\376\377\000W\000i\000d\000t\000h\000-\000O\000n\000l\000y\000\040\000S\000c\000a\000l\000i\000n\000g\000\040\000T\000r\000e\000n\000d}{subsection.4.2}% 14
\BOOKMARK [3][-]{subsubsection.4.2.2}{\376\377\000M\000u\000l\000t\000i\000-\000V\000a\000r\000i\000a\000b\000l\000e\000\040\000W\000i\000d\000t\000h\000\040\000a\000n\000d\000\040\000D\000e\000p\000t\000h\000\040\000S\000c\000a\000l\000i\000n\000g\000\040\000\050\000P\000r\000o\000v\000i\000s\000i\000o\000n\000a\000l\000\040\000O\000L\000S\000\040\000F\000i\000t\000\051}{subsection.4.2}% 15
\BOOKMARK [3][-]{subsubsection.4.2.3}{\376\377\000E\000x\000t\000r\000a\000p\000o\000l\000a\000t\000i\000o\000n\000s\000\040\000f\000o\000r\000\040\000Q\000w\000e\000n\0002\000.\0005\000\040\0007\0002\000B\000\040\000\050\000d\000=\0008\0001\0009\0002\000,\000\040\000L\000=\0008\0000\000\051}{subsection.4.2}% 16
\BOOKMARK [3][-]{subsubsection.4.2.4}{\376\377\000R\000a\000n\000d\000o\000m\000\040\000A\000b\000l\000a\000t\000i\000o\000n\000\040\000C\000o\000n\000t\000r\000o\000l\000\040\000B\000a\000s\000e\000l\000i\000n\000e}{subsection.4.2}% 17
\BOOKMARK [2][-]{subsection.4.3}{\376\377\000Q\000u\000a\000l\000i\000t\000a\000t\000i\000v\000e\000\040\000R\000e\000f\000u\000s\000a\000l\000\040\000S\000w\000e\000e\000p\000s\000\040\000\046\000\040\000B\000e\000h\000a\000v\000i\000o\000r\000a\000l\000\040\000P\000h\000e\000n\000o\000m\000e\000n\000a}{section.4}% 18
\BOOKMARK [3][-]{subsubsection.4.3.1}{\376\377\000T\000o\000n\000e\000\040\000D\000i\000s\000s\000o\000l\000u\000t\000i\000o\000n\000\040\000P\000r\000e\000c\000e\000d\000e\000s\000\040\000C\000o\000n\000t\000e\000n\000t\000\040\000B\000y\000p\000a\000s\000s}{subsection.4.3}% 19
\BOOKMARK [3][-]{subsubsection.4.3.2}{\376\377\000C\000o\000g\000n\000i\000t\000i\000v\000e\000\040\000C\000o\000m\000p\000r\000o\000m\000i\000s\000e\000\040\000\050\000T\000h\000e\000\040\000`\000`\000K\000e\000y\000\040\000F\000o\000b\000'\000'\000\040\000P\000i\000v\000o\000t\000\051}{subsection.4.3}% 20
\BOOKMARK [3][-]{subsubsection.4.3.3}{\376\377\000P\000h\000y\000s\000i\000c\000a\000l\000\040\000R\000a\000t\000i\000o\000n\000a\000l\000i\000z\000a\000t\000i\000o\000n\000\040\000t\000o\000\040\000B\000y\000p\000a\000s\000s\000\040\000F\000i\000l\000t\000e\000r\000s}{subsection.4.3}% 21
\BOOKMARK [3][-]{subsubsection.4.3.4}{\376\377\000S\000e\000m\000a\000n\000t\000i\000c\000\040\000F\000r\000a\000m\000e\000\040\000R\000e\000i\000n\000t\000e\000r\000p\000r\000e\000t\000a\000t\000i\000o\000n\000\040\000\050\000T\000h\000e\000\040\000`\000`\000H\000i\000t\000c\000h\000h\000i\000k\000i\000n\000g\000'\000'\000\040\000S\000u\000b\000s\000t\000i\000t\000u\000t\000i\000o\000n\000\051}{subsection.4.3}% 22
\BOOKMARK [3][-]{subsubsection.4.3.5}{\376\377\000D\000e\000v\000e\000l\000o\000p\000e\000r\000\040\000I\000d\000e\000n\000t\000i\000t\000y\000\040\000F\000a\000l\000l\000b\000a\000c\000k}{subsection.4.3}% 23
\BOOKMARK [3][-]{subsubsection.4.3.6}{\376\377\000T\000h\000e\000\040\000`\000`\000e\000t\000h\000i\000c\000a\000l\000l\000y\000i\000c\000a\000l\000l\000y\000'\000'\000\040\000S\000t\000u\000t\000t\000e\000r\000i\000n\000g\000\040\000A\000r\000t\000i\000f\000a\000c\000t}{subsection.4.3}% 24
\BOOKMARK [2][-]{subsection.4.4}{\376\377\000G\000e\000n\000e\000r\000a\000l\000i\000z\000a\000t\000i\000o\000n\000\040\000a\000n\000d\000\040\000C\000i\000r\000c\000u\000i\000t\000\040\000I\000n\000d\000e\000p\000e\000n\000d\000e\000n\000c\000e}{section.4}% 25
\BOOKMARK [3][-]{subsubsection.4.4.1}{\376\377\000G\000e\000n\000e\000r\000a\000l\000i\000z\000a\000t\000i\000o\000n\000\040\000T\000e\000s\000t\000s}{subsection.4.4}% 26
\BOOKMARK [3][-]{subsubsection.4.4.2}{\376\377\000C\000i\000r\000c\000u\000i\000t\000\040\000I\000n\000d\000e\000p\000e\000n\000d\000e\000n\000c\000e}{subsection.4.4}% 27
\BOOKMARK [2][-]{subsection.4.5}{\376\377\000P\000h\000i\000-\0003\000\040\0003\000.\0008\000B\000\040\000S\000a\000f\000e\000t\000y\000\040\000S\000w\000e\000e\000p}{section.4}% 28
\BOOKMARK [3][-]{subsubsection.4.5.1}{\376\377\000L\000a\000y\000e\000r\000\040\000D\000i\000s\000t\000r\000i\000b\000u\000t\000i\000o\000n\000\040\000A\000c\000r\000o\000s\000s\000\040\000S\000w\000e\000e\000p\000\040\000V\000a\000l\000u\000e\000s}{subsection.4.5}% 29
\BOOKMARK [3][-]{subsubsection.4.5.2}{\376\377\000S\000a\000f\000e\000t\000y\000\040\000C\000i\000r\000c\000u\000i\000t\000\040\000C\000r\000o\000s\000s\000-\000M\000o\000d\000e\000l\000\040\000S\000u\000m\000m\000a\000r\000y}{subsection.4.5}% 30
\BOOKMARK [3][-]{subsubsection.4.5.3}{\376\377\000N\000o\000n\000-\000M\000o\000n\000o\000t\000o\000n\000i\000c\000i\000t\000y\000\040\000a\000n\000d\000\040\000R\000e\000p\000r\000e\000s\000e\000n\000t\000a\000t\000i\000o\000n\000\040\000D\000e\000g\000r\000a\000d\000a\000t\000i\000o\000n}{subsection.4.5}% 31
\BOOKMARK [1][-]{section.5}{\376\377\000E\000x\000p\000e\000r\000i\000m\000e\000n\000t\000\040\0002\000:\000\040\000S\000y\000c\000o\000p\000h\000a\000n\000c\000y\000\040\000C\000i\000r\000c\000u\000i\000t}{}% 32
\BOOKMARK [2][-]{subsection.5.1}{\376\377\000P\000r\000o\000v\000i\000s\000i\000o\000n\000a\000l\000\040\000S\000t\000r\000u\000c\000t\000u\000r\000a\000l\000\040\000A\000n\000a\000l\000y\000s\000i\000s\000\040\000\046\000\040\000S\000c\000a\000l\000e\000\040\000B\000a\000r\000r\000i\000e\000r\000s}{section.5}% 33
\BOOKMARK [1][-]{section.6}{\376\377\000E\000x\000p\000e\000r\000i\000m\000e\000n\000t\000\040\0003\000:\000\040\000F\000a\000c\000t\000u\000a\000l\000\040\000B\000e\000l\000i\000e\000f\000\040\000S\000t\000e\000e\000r\000i\000n\000g\000\040\000\046\000\040\000C\000o\000n\000t\000e\000x\000t\000-\000R\000e\000p\000a\000i\000r}{}% 34
\BOOKMARK [2][-]{subsection.6.1}{\376\377\000T\000o\000k\000e\000n\000i\000z\000a\000t\000i\000o\000n\000\040\000a\000n\000d\000\040\000F\000u\000s\000e\000d\000\040\000M\000L\000P\000\040\000R\000e\000s\000o\000l\000u\000t\000i\000o\000n\000s}{section.6}% 35
\BOOKMARK [2][-]{subsection.6.2}{\376\377\000R\000e\000s\000u\000l\000t\000s}{section.6}% 36
\BOOKMARK [3][-]{subsubsection.6.2.1}{\376\377\000Q\000w\000e\000n\000\040\0001\000.\0005\000B\000\040\000S\000t\000e\000e\000r\000i\000n\000g}{subsection.6.2}% 37
\BOOKMARK [3][-]{subsubsection.6.2.2}{\376\377\000P\000h\000i\000-\0003\000-\000m\000i\000n\000i\000\040\000S\000t\000e\000e\000r\000i\000n\000g}{subsection.6.2}% 38
\BOOKMARK [2][-]{subsection.6.3}{\376\377\000C\000a\000u\000s\000a\000l\000\040\000C\000o\000m\000p\000e\000t\000i\000t\000i\000o\000n\000\040\000M\000o\000d\000e\000l\000:\000\040\000C\000o\000n\000t\000e\000x\000t\000-\000R\000e\000p\000a\000i\000r\000\040\000v\000s\000.\000\040\000T\000a\000r\000g\000e\000t\000\040\000S\000u\000b\000s\000t\000i\000t\000u\000t\000i\000o\000n}{section.6}% 39
\BOOKMARK [3][-]{subsubsection.6.3.1}{\376\377\000T\000h\000e\000\040\000C\000o\000m\000p\000e\000t\000i\000t\000i\000o\000n\000\040\000H\000y\000p\000o\000t\000h\000e\000s\000i\000s}{subsection.6.3}% 40
\BOOKMARK [1][-]{section.7}{\376\377\000E\000x\000p\000e\000r\000i\000m\000e\000n\000t\000\040\0004\000:\000\040\000C\000N\000A\000\040\000v\000s\000.\000\040\000C\000A\000A\000\040\000C\000o\000h\000e\000r\000e\000n\000c\000e\000\040\000A\000n\000a\000l\000y\000s\000i\000s}{}% 41
\BOOKMARK [2][-]{subsection.7.1}{\376\377\000Q\000u\000a\000l\000i\000t\000y\000\040\000C\000o\000m\000p\000a\000r\000i\000s\000o\000n\000\040\000T\000a\000b\000l\000e}{section.7}% 42
\BOOKMARK [2][-]{subsection.7.2}{\376\377\000C\000A\000A\000\040\000C\000o\000l\000l\000a\000p\000s\000e\000\040\000a\000s\000\040\000a\000\040\000T\000r\000a\000i\000n\000i\000n\000g\000\040\000D\000a\000t\000a\000\040\000D\000i\000a\000g\000n\000o\000s\000t\000i\000c}{section.7}% 43
\BOOKMARK [1][-]{section.8}{\376\377\000E\000x\000p\000e\000r\000i\000m\000e\000n\000t\000\040\0005\000:\000\040\000U\000n\000i\000v\000e\000r\000s\000a\000l\000\040\000B\000l\000a\000c\000k\000l\000i\000s\000t\000\040\000O\000p\000t\000i\000m\000i\000z\000a\000t\000i\000o\000n}{}% 44
\BOOKMARK [2][-]{subsection.8.1}{\376\377\000H\000e\000u\000r\000i\000s\000t\000i\000c\000\040\000S\000e\000t\000u\000p\000\040\000\046\000\040\000E\000x\000e\000c\000u\000t\000i\000o\000n}{section.8}% 45
\BOOKMARK [2][-]{subsection.8.2}{\376\377\000E\000m\000p\000i\000r\000i\000c\000a\000l\000\040\000L\000a\000y\000e\000r\000\040\000D\000i\000s\000t\000r\000i\000b\000u\000t\000i\000o\000n}{section.8}% 46
\BOOKMARK [2][-]{subsection.8.3}{\376\377\000V\000e\000r\000i\000f\000i\000c\000a\000t\000i\000o\000n\000\040\000\046\000\040\000C\000a\000u\000s\000a\000l\000\040\000S\000u\000b\000n\000e\000t\000w\000o\000r\000k\000\040\000P\000r\000u\000n\000i\000n\000g}{section.8}% 47
\BOOKMARK [2][-]{subsection.8.4}{\376\377\000C\000r\000o\000s\000s\000-\000M\000o\000d\000e\000l\000\040\000B\000a\000s\000e\000-\000t\000o\000-\000I\000n\000s\000t\000r\000u\000c\000t\000\040\000T\000r\000a\000n\000s\000f\000e\000r\000\040\000T\000e\000s\000t}{section.8}% 48
\BOOKMARK [1][-]{section.9}{\376\377\000E\000x\000p\000e\000r\000i\000m\000e\000n\000t\000\040\0006\000:\000\040\000C\000o\000g\000n\000i\000t\000i\000v\000e\000\040\000M\000o\000n\000o\000l\000o\000g\000u\000e\000\040\000O\000p\000t\000i\000m\000i\000z\000a\000t\000i\000o\000n\000\040\000\050\000G\000R\000P\000O\000\051\000\040\000a\000n\000d\000\040\000L\000a\000y\000e\000r\000-\000F\000r\000o\000z\000e\000n\000\040\000G\000R\000P\000O\000\040\000\050\000L\000F\000-\000G\000R\000P\000O\000\051}{}% 49
\BOOKMARK [2][-]{subsection.9.1}{\376\377\000R\000e\000i\000n\000f\000o\000r\000c\000e\000m\000e\000n\000t\000\040\000L\000e\000a\000r\000n\000i\000n\000g\000\040\000F\000o\000r\000m\000u\000l\000a\000t\000i\000o\000n\000s}{section.9}% 50
\BOOKMARK [3][-]{subsubsection.9.1.1}{\376\377\000P\000o\000s\000t\000e\000r\000i\000o\000r\000-\000G\000R\000P\000O\000\040\000F\000o\000r\000m\000a\000t\000t\000i\000n\000g\000\040\000G\000a\000t\000e}{subsection.9.1}% 51
\BOOKMARK [3][-]{subsubsection.9.1.2}{\376\377\000S\000t\000e\000p\000-\000G\000R\000P\000O\000\040\000W\000o\000r\000d\000-\000C\000o\000u\000n\000t\000\040\000D\000e\000c\000a\000y}{subsection.9.1}% 52
\BOOKMARK [3][-]{subsubsection.9.1.3}{\376\377\000T\000a\000g\000-\000S\000p\000a\000m\000\040\000E\000l\000e\000c\000t\000r\000i\000f\000i\000e\000d\000\040\000F\000e\000n\000c\000e}{subsection.9.1}% 53
\BOOKMARK [2][-]{subsection.9.2}{\376\377\000C\000a\000u\000s\000a\000l\000\040\000P\000r\000o\000o\000f\000:\000\040\000F\000u\000l\000l\000-\000L\000a\000y\000e\000r\000\040\000v\000s\000.\000\040\000L\000a\000y\000e\000r\000-\000F\000r\000o\000z\000e\000n\000\040\000G\000R\000P\000O\000\040\000\050\000L\000F\000-\000G\000R\000P\000O\000\051}{section.9}% 54
\BOOKMARK [2][-]{subsection.9.3}{\376\377\000A\000u\000d\000i\000t\000i\000n\000g\000\040\000t\000h\000e\000\040\000M\000o\000n\000o\000l\000o\000g\000u\000e\000:\000\040\000C\000o\000n\000c\000r\000e\000t\000e\000\040\000T\000o\000k\000e\000n\000-\000L\000e\000v\000e\000l\000\040\000A\000n\000o\000m\000a\000l\000i\000e\000s}{section.9}% 55
\BOOKMARK [3][-]{subsubsection.9.3.1}{\376\377\000T\000h\000e\000\040\000S\000t\000r\000u\000c\000t\000u\000r\000a\000l\000\040\000C\000o\000l\000l\000i\000s\000i\000o\000n\000\040\000i\000n\000\040\000A\000n\000o\000m\000a\000l\000y\000\040\000\043\0003\0006\000\040\000\050\000T\000h\000e\000\040\000<\000S\000t\000e\000p\0002\000>\000\040\000.\000.\000.\000\040\000<\000/\000t\000h\000i\000n\000k\000>\000\040\000M\000i\000s\000m\000a\000t\000c\000h\000\051}{subsection.9.3}% 56
\BOOKMARK [3][-]{subsubsection.9.3.2}{\376\377\000F\000L\000O\000P\000s\000\040\000C\000o\000n\000s\000e\000r\000v\000a\000t\000i\000o\000n\000\040\000i\000n\000\040\000A\000n\000o\000m\000a\000l\000y\000\040\000\043\0004\0003\000\040\000\050\000T\000h\000e\000\040\000M\000u\000l\000t\000i\000-\000B\000l\000o\000c\000k\000\040\000S\000p\000l\000i\000t\000\051}{subsection.9.3}% 57
\BOOKMARK [1][-]{section.10}{\376\377\000D\000i\000s\000c\000u\000s\000s\000i\000o\000n}{}% 58
\BOOKMARK [2][-]{subsection.10.1}{\376\377\000C\000r\000i\000t\000i\000q\000u\000e\000\040\000o\000f\000\040\000C\000u\000r\000r\000e\000n\000t\000\040\000S\000a\000f\000e\000t\000y\000\040\000T\000r\000a\000i\000n\000i\000n\000g}{section.10}% 59
\BOOKMARK [2][-]{subsection.10.2}{\376\377\000P\000r\000o\000p\000o\000s\000e\000d\000\040\000F\000i\000x\000:\000\040\000L\000a\000y\000e\000r\000-\000F\000r\000o\000z\000e\000n\000\040\000S\000a\000f\000e\000t\000y\000\040\000F\000i\000n\000e\000-\000T\000u\000n\000i\000n\000g\000\040\000\050\000L\000F\000S\000F\000T\000\051}{section.10}% 60
\BOOKMARK [3][-]{subsubsection.10.2.1}{\376\377\000E\000m\000p\000i\000r\000i\000c\000a\000l\000\040\000V\000a\000l\000i\000d\000a\000t\000i\000o\000n\000:\000\040\000L\000F\000S\000F\000T\000\040\000v\000s\000.\000\040\000F\000u\000l\000l\000\040\000S\000F\000T\000\040\000\050\000C\000o\000n\000t\000r\000o\000l\000\051}{subsection.10.2}% 61
\BOOKMARK [3][-]{subsubsection.10.2.2}{\376\377\000Q\000u\000a\000l\000i\000t\000a\000t\000i\000v\000e\000\040\000C\000a\000s\000e\000\040\000S\000t\000u\000d\000i\000e\000s\000:\000\040\000L\000F\000S\000F\000T\000\040\000v\000s\000.\000\040\000C\000o\000n\000t\000r\000o\000l\000\040\000C\000o\000m\000p\000l\000e\000t\000i\000o\000n\000s}{subsection.10.2}% 62
\BOOKMARK [2][-]{subsection.10.3}{\376\377\000T\000h\000e\000\040\000S\000e\000q\000u\000e\000n\000t\000i\000a\000l\000\040\000V\000e\000t\000o\000\040\000H\000y\000p\000o\000t\000h\000e\000s\000i\000s\000\040\000f\000o\000r\000\040\000D\000e\000p\000t\000h\000\040\000S\000c\000a\000l\000i\000n\000g}{section.10}% 63
\BOOKMARK [2][-]{subsection.10.4}{\376\377\000S\000u\000p\000e\000r\000l\000i\000n\000e\000a\000r\000\040\000C\000a\000p\000a\000c\000i\000t\000y\000\040\000A\000l\000l\000o\000c\000a\000t\000i\000o\000n\000\040\000\050\000S\000C\000A\000P\000\051}{section.10}% 64
\BOOKMARK [2][-]{subsection.10.5}{\376\377\000T\000h\000e\000\040\000R\000e\000p\000r\000e\000s\000e\000n\000t\000a\000t\000i\000o\000n\000\040\000A\000l\000i\000g\000n\000m\000e\000n\000t\000\040\000B\000o\000t\000t\000l\000e\000n\000e\000c\000k}{section.10}% 65
\BOOKMARK [2][-]{subsection.10.6}{\376\377\000T\000h\000e\000\040\000F\000e\000a\000t\000u\000r\000e\000\040\000E\000v\000i\000c\000t\000i\000o\000n\000\040\000H\000y\000p\000o\000t\000h\000e\000s\000i\000s}{section.10}% 66
\BOOKMARK [2][-]{subsection.10.7}{\376\377\000T\000h\000e\000\040\000D\000e\000m\000u\000l\000t\000i\000p\000l\000e\000x\000i\000n\000g\000\040\000B\000o\000t\000t\000l\000e\000n\000e\000c\000k\000\040\000a\000n\000d\000\040\000L\000a\000t\000e\000-\000L\000a\000y\000e\000r\000\040\000F\000u\000n\000c\000t\000i\000o\000n\000a\000l\000\040\000C\000o\000n\000g\000e\000s\000t\000i\000o\000n}{section.10}% 67
\BOOKMARK [2][-]{subsection.10.8}{\376\377\000H\000i\000e\000r\000a\000r\000c\000h\000i\000c\000a\000l\000\040\000D\000e\000f\000e\000n\000s\000e\000-\000i\000n\000-\000D\000e\000p\000t\000h\000\040\000a\000n\000d\000\040\000A\000t\000t\000r\000a\000c\000t\000o\000r\000\040\000F\000a\000l\000l\000b\000a\000c\000k\000s}{section.10}% 68
\BOOKMARK [2][-]{subsection.10.9}{\376\377\000M\000o\000n\000o\000l\000o\000g\000u\000e\000\040\000R\000o\000u\000t\000i\000n\000g\000\040\000v\000s\000.\000\040\000A\000r\000i\000t\000h\000m\000e\000t\000i\000c\000\040\000E\000r\000o\000s\000i\000o\000n\000\040\000i\000n\000\040\000R\000L\000\040\000R\000e\000a\000s\000o\000n\000i\000n\000g}{section.10}% 69
\BOOKMARK [2][-]{subsection.10.10}{\376\377\000Q\000u\000a\000n\000t\000i\000z\000a\000t\000i\000o\000n\000-\000I\000n\000d\000u\000c\000e\000d\000\040\000C\000i\000r\000c\000u\000i\000t\000\040\000D\000i\000s\000t\000o\000r\000t\000i\000o\000n\000\040\000\050\000Q\000I\000C\000D\000\051}{section.10}% 70
\BOOKMARK [2][-]{subsection.10.11}{\376\377\000C\000i\000r\000c\000u\000i\000t\000\040\000A\000u\000d\000i\000t\000a\000b\000i\000l\000i\000t\000y\000\040\000a\000s\000\040\000a\000\040\000S\000a\000f\000e\000t\000y\000\040\000P\000r\000o\000p\000e\000r\000t\000y}{section.10}% 71
\BOOKMARK [2][-]{subsection.10.12}{\376\377\000S\000t\000r\000a\000t\000e\000g\000i\000c\000\040\000I\000m\000p\000l\000i\000c\000a\000t\000i\000o\000n\000s\000:\000\040\000D\000e\000m\000o\000c\000r\000a\000t\000i\000c\000\040\000A\000l\000i\000g\000n\000m\000e\000n\000t\000\040\000a\000n\000d\000\040\000A\000u\000d\000i\000t\000a\000b\000l\000e\000\040\000M\000o\000d\000e\000l\000s}{section.10}% 72
\BOOKMARK [1][-]{section.11}{\376\377\000L\000i\000m\000i\000t\000a\000t\000i\000o\000n\000s\000:\000\040\000T\000h\000e\000\040\000S\000t\000u\000d\000e\000n\000t\000-\000L\000e\000d\000,\000\040\000C\000o\000m\000p\000u\000t\000e\000-\000C\000o\000n\000s\000t\000r\000a\000i\000n\000e\000d\000\040\000R\000e\000s\000e\000a\000r\000c\000h\000\040\000P\000a\000r\000a\000d\000i\000g\000m}{}% 73
\BOOKMARK [2][-]{subsection.11.1}{\376\377\000F\000u\000t\000u\000r\000e\000\040\000W\000o\000r\000k}{section.11}% 74
